SF:lib/ui/widgets/textfield_widget.dart
DA:20,2
DA:22,2
DA:23,2
DA:24,2
DA:25,2
DA:26,2
DA:27,2
DA:28,2
DA:29,2
DA:30,2
DA:31,2
DA:33,2
DA:34,6
DA:35,2
DA:36,2
DA:37,2
DA:38,2
DA:39,2
DA:40,4
DA:41,2
DA:43,8
DA:48,2
LF:22
LH:22
end_of_record
SF:lib/business/bloc/base_bloc.dart
DA:4,3
DA:6,0
DA:7,0
LF:3
LH:1
end_of_record
SF:lib/business/bloc/base_event.dart
DA:4,0
DA:5,0
LF:2
LH:0
end_of_record
SF:lib/business/bloc/base_state.dart
DA:4,0
DA:5,0
LF:2
LH:0
end_of_record
SF:lib/business/bloc/error/error_bloc.dart
DA:7,0
DA:8,0
DA:9,0
DA:10,0
DA:13,0
DA:15,0
DA:18,0
DA:20,0
DA:23,0
DA:25,0
LF:10
LH:0
end_of_record
SF:lib/business/bloc/error/error_event.dart
DA:28,0
DA:30,0
DA:31,0
DA:33,0
DA:34,0
DA:38,0
DA:42,0
DA:46,0
DA:50,0
DA:54,0
DA:58,0
DA:62,0
DA:66,0
DA:70,0
LF:14
LH:0
end_of_record
SF:lib/business/bloc/error/error_state.dart
DA:15,0
DA:17,0
DA:18,0
LF:3
LH:0
end_of_record
SF:lib/business/bloc/form/auth/auth_bloc.dart
DA:20,3
DA:21,2
DA:22,2
DA:23,2
DA:24,2
DA:25,2
DA:26,2
DA:27,2
DA:28,2
DA:29,2
DA:32,0
DA:34,0
DA:35,0
DA:37,0
DA:40,0
DA:42,0
DA:43,0
DA:45,0
DA:48,0
DA:50,0
DA:51,0
DA:53,0
DA:56,0
DA:57,0
DA:60,0
DA:61,0
DA:62,0
DA:65,0
DA:66,0
DA:68,0
DA:73,0
DA:75,0
DA:76,0
DA:80,0
DA:82,0
DA:83,0
DA:87,0
DA:89,0
DA:90,0
DA:94,0
DA:96,0
DA:97,0
DA:99,0
DA:102,0
DA:103,0
DA:106,0
DA:107,0
DA:110,3
DA:112,2
DA:114,0
DA:115,0
DA:117,0
DA:119,1
DA:120,3
DA:122,0
DA:123,0
DA:125,0
DA:126,0
DA:127,0
DA:128,0
DA:130,0
DA:131,0
DA:136,0
DA:137,0
DA:140,0
DA:143,0
DA:144,0
DA:147,0
DA:148,0
DA:152,0
DA:153,0
DA:154,0
DA:159,0
DA:160,0
DA:161,0
LF:75
LH:14
end_of_record
SF:lib/business/bloc/form/auth/auth_event.dart
DA:20,0
DA:24,0
DA:25,0
DA:29,0
DA:33,0
DA:34,0
DA:38,0
DA:42,0
DA:43,0
LF:9
LH:0
end_of_record
SF:lib/business/bloc/form/auth/auth_state.dart
DA:12,1
DA:18,0
DA:23,0
DA:24,0
DA:25,0
DA:26,0
DA:27,0
DA:30,0
DA:31,0
LF:9
LH:1
end_of_record
SF:lib/business/bloc/form/form_bloc.dart
DA:4,1
LF:1
LH:1
end_of_record
SF:lib/services/log_service.dart
DA:5,4
DA:7,9
DA:9,3
DA:11,3
DA:12,3
DA:15,0
DA:16,0
DA:19,0
DA:20,0
DA:24,2
DA:25,4
DA:29,0
DA:30,0
DA:34,0
DA:35,0
DA:39,0
DA:40,0
DA:44,0
DA:45,0
LF:19
LH:7
end_of_record
SF:lib/services/network/api/auth_api_service.dart
DA:5,3
DA:7,1
DA:9,1
DA:10,1
DA:13,0
DA:14,0
DA:15,0
DA:18,0
DA:19,0
DA:22,0
DA:23,0
DA:26,0
DA:27,0
LF:13
LH:4
end_of_record
SF:lib/services/shared_preference_service.dart
DA:8,9
DA:11,3
DA:13,3
DA:14,3
DA:17,0
DA:18,0
DA:20,0
DA:21,0
DA:22,0
DA:25,0
DA:26,0
DA:29,0
DA:30,0
DA:33,0
DA:34,0
DA:37,0
DA:38,0
DA:41,0
DA:42,0
DA:45,0
DA:46,0
DA:49,0
DA:50,0
DA:53,0
DA:54,0
DA:58,0
DA:59,0
DA:63,0
DA:64,0
DA:68,0
DA:69,0
DA:73,0
DA:74,0
DA:78,0
DA:79,0
DA:82,0
DA:83,0
DA:86,0
DA:87,0
DA:88,0
DA:91,0
DA:92,0
DA:93,0
DA:96,0
DA:97,0
DA:98,0
DA:101,0
DA:102,0
DA:103,0
DA:106,0
DA:107,0
DA:108,0
DA:111,0
DA:112,0
DA:113,0
DA:116,0
DA:117,0
DA:118,0
DA:121,0
DA:122,0
DA:123,0
DA:126,0
DA:127,0
DA:128,0
DA:131,0
DA:132,0
DA:133,0
LF:67
LH:4
end_of_record
SF:lib/business/bloc/form/form_event.dart
DA:4,0
DA:5,0
LF:2
LH:0
end_of_record
SF:lib/business/bloc/form/form_state.dart
DA:4,0
DA:5,0
LF:2
LH:0
end_of_record
SF:lib/business/bloc/language/language_bloc.dart
DA:15,3
DA:17,3
DA:19,0
DA:20,0
DA:23,0
DA:24,0
DA:25,0
DA:26,0
DA:29,0
DA:30,0
DA:31,0
DA:32,0
DA:35,0
LF:13
LH:2
end_of_record
SF:lib/business/bloc/language/language_event.dart
DA:6,0
DA:8,0
DA:9,0
DA:11,0
LF:4
LH:0
end_of_record
SF:lib/business/bloc/language/language_state.dart
DA:6,1
DA:8,2
DA:10,0
DA:11,0
LF:4
LH:2
end_of_record
SF:lib/data/models/language.dart
DA:14,1
LF:1
LH:1
end_of_record
SF:lib/business/bloc/product/product_bloc.dart
DA:18,6
DA:19,4
DA:20,4
DA:23,2
DA:25,4
DA:26,4
DA:28,8
DA:31,0
DA:33,0
DA:34,0
DA:36,0
DA:37,0
DA:38,0
DA:39,0
DA:40,0
DA:43,8
DA:45,0
DA:47,6
DA:49,2
DA:50,4
DA:52,4
DA:53,0
DA:54,0
DA:55,0
DA:56,0
DA:57,0
DA:59,0
DA:61,0
LF:28
LH:12
end_of_record
SF:lib/business/bloc/product/product_event.dart
DA:9,0
DA:11,0
DA:12,0
DA:18,2
DA:20,0
DA:21,0
DA:30,0
DA:32,0
DA:33,0
LF:9
LH:1
end_of_record
SF:lib/business/bloc/product/product_state.dart
DA:17,2
DA:25,2
DA:26,8
DA:28,2
DA:35,2
DA:36,2
DA:37,0
DA:38,2
DA:39,2
DA:40,2
DA:41,2
LF:11
LH:10
end_of_record
SF:lib/data/models/product.g.dart
DA:13,0
DA:15,0
DA:16,0
DA:17,0
DA:19,0
DA:20,0
DA:21,0
DA:22,0
DA:23,0
DA:24,0
DA:25,0
DA:26,0
DA:27,0
DA:28,0
DA:29,0
DA:30,0
DA:31,0
DA:32,0
DA:33,0
DA:34,0
DA:35,0
DA:36,0
DA:37,0
DA:38,0
DA:39,0
DA:40,0
DA:41,0
DA:42,0
DA:43,0
DA:44,0
DA:45,0
DA:46,0
DA:47,0
DA:48,0
DA:49,0
DA:50,0
DA:51,0
DA:52,0
DA:56,0
DA:59,0
DA:60,0
DA:61,0
DA:62,0
DA:63,0
DA:64,0
DA:65,0
DA:66,0
DA:67,0
DA:68,0
DA:69,0
DA:70,0
DA:71,0
DA:72,0
DA:73,0
DA:74,0
DA:75,0
DA:76,0
DA:77,0
DA:78,0
DA:79,0
DA:80,0
DA:81,0
DA:82,0
DA:83,0
DA:84,0
DA:85,0
DA:86,0
DA:87,0
DA:88,0
DA:89,0
DA:90,0
DA:91,0
DA:92,0
DA:93,0
DA:94,0
DA:95,0
DA:96,0
DA:97,0
DA:98,0
DA:99,0
DA:100,0
DA:101,0
DA:102,0
DA:103,0
DA:104,0
DA:105,0
DA:106,0
DA:107,0
DA:108,0
DA:109,0
DA:110,0
DA:111,0
DA:112,0
DA:113,0
DA:114,0
DA:115,0
DA:116,0
DA:117,0
DA:118,0
DA:119,0
DA:120,0
DA:121,0
DA:122,0
DA:123,0
DA:124,0
DA:125,0
DA:128,0
DA:129,0
DA:131,0
DA:134,0
DA:135,0
DA:136,0
LF:112
LH:0
end_of_record
SF:lib/data/models/product.dart
DA:106,0
DA:141,0
DA:142,0
DA:144,0
DA:145,0
DA:146,0
DA:147,0
DA:148,0
DA:149,0
DA:150,0
DA:151,0
DA:152,0
DA:153,0
DA:154,0
DA:155,0
DA:156,0
DA:157,0
DA:158,0
DA:159,0
DA:161,0
DA:162,0
DA:164,0
DA:165,0
DA:166,0
DA:167,0
DA:168,0
DA:169,0
DA:170,0
DA:171,0
DA:172,0
DA:173,0
DA:174,0
DA:175,0
DA:176,0
DA:177,0
DA:178,0
DA:179,0
DA:180,0
DA:181,0
DA:182,0
DA:183,0
DA:184,0
DA:185,0
DA:188,0
LF:44
LH:0
end_of_record
SF:lib/services/network/api/product_api_service.dart
DA:6,6
DA:8,2
DA:10,2
DA:11,2
DA:14,2
DA:34,2
DA:55,4
DA:56,2
DA:59,0
DA:68,0
DA:69,0
DA:76,0
DA:79,0
DA:80,0
DA:81,0
DA:85,0
LF:16
LH:8
end_of_record
SF:lib/business/bloc/theme/theme_bloc.dart
DA:10,9
DA:12,9
DA:14,0
DA:15,0
DA:18,0
DA:19,0
DA:21,0
LF:7
LH:2
end_of_record
SF:lib/business/bloc/theme/theme_event.dart
DA:6,0
DA:8,0
DA:9,0
LF:3
LH:0
end_of_record
SF:lib/business/bloc/theme/theme_state.dart
DA:5,3
DA:7,0
DA:8,0
LF:3
LH:1
end_of_record
SF:lib/business/bloc/user/user_bloc.dart
DA:18,0
DA:20,0
DA:22,0
DA:24,0
DA:26,0
DA:27,0
DA:28,0
DA:30,0
DA:31,0
DA:33,0
DA:35,0
DA:36,0
DA:37,0
DA:42,0
DA:43,0
DA:44,0
LF:16
LH:0
end_of_record
SF:lib/business/bloc/user/user_state.dart
DA:10,0
DA:13,0
DA:14,0
DA:17,0
DA:18,0
LF:5
LH:0
end_of_record
SF:lib/data/repository/user_repository.dart
DA:5,0
DA:7,0
DA:9,0
DA:10,0
LF:4
LH:0
end_of_record
SF:lib/services/locator_service.dart
DA:8,9
DA:11,3
DA:13,6
DA:14,6
DA:15,6
DA:16,6
LF:6
LH:6
end_of_record
SF:lib/data/models/base_model.dart
DA:5,0
DA:6,0
DA:7,0
DA:8,0
DA:9,0
DA:15,0
LF:6
LH:0
end_of_record
SF:lib/data/models/base_object.dart
DA:2,0
LF:1
LH:0
end_of_record
SF:lib/data/models/category.dart
DA:5,0
DA:34,0
DA:35,0
DA:36,0
DA:37,0
DA:38,0
DA:39,0
DA:40,0
DA:41,0
DA:42,0
DA:43,0
DA:44,0
DA:45,0
DA:47,0
DA:48,0
DA:49,0
DA:50,0
DA:53,0
LF:18
LH:0
end_of_record
SF:lib/data/models/collection.dart
DA:5,0
DA:23,0
DA:24,0
DA:25,0
DA:26,0
DA:27,0
DA:28,0
DA:29,0
DA:30,0
DA:31,0
DA:32,0
DA:34,0
LF:12
LH:0
end_of_record
SF:lib/data/models/currency.dart
DA:4,0
DA:18,0
DA:19,0
DA:20,0
DA:21,0
DA:22,0
DA:23,0
DA:26,0
LF:8
LH:0
end_of_record
SF:lib/data/models/image.dart
DA:4,0
DA:18,0
DA:19,0
DA:20,0
DA:21,0
DA:22,0
DA:23,0
DA:24,0
DA:27,0
LF:9
LH:0
end_of_record
SF:lib/data/models/inventory_item.dart
DA:5,0
DA:24,0
DA:25,0
DA:26,0
DA:27,0
DA:28,0
DA:29,0
DA:30,0
DA:31,0
DA:32,0
DA:33,0
DA:36,0
LF:12
LH:0
end_of_record
SF:lib/data/models/variant.dart
DA:9,0
DA:78,0
DA:79,0
DA:80,0
DA:81,0
DA:82,0
DA:83,0
DA:84,0
DA:85,0
DA:86,0
DA:87,0
DA:88,0
DA:89,0
DA:90,0
DA:91,0
DA:92,0
DA:93,0
DA:94,0
DA:95,0
DA:96,0
DA:97,0
DA:98,0
DA:99,0
DA:100,0
DA:101,0
DA:102,0
DA:103,0
DA:104,0
DA:105,0
DA:106,0
DA:107,0
DA:108,0
DA:109,0
DA:110,0
DA:111,0
DA:112,0
DA:113,0
DA:114,0
DA:115,0
DA:116,0
DA:118,0
LF:41
LH:0
end_of_record
SF:lib/data/models/option.dart
DA:6,0
DA:29,0
DA:30,0
DA:31,0
DA:32,0
DA:33,0
DA:34,0
DA:35,0
DA:36,0
DA:37,0
DA:38,0
DA:39,0
DA:42,0
LF:13
LH:0
end_of_record
SF:lib/data/models/value.dart
DA:6,0
DA:32,0
DA:33,0
DA:34,0
DA:35,0
DA:36,0
DA:37,0
DA:38,0
DA:39,0
DA:40,0
DA:41,0
DA:42,0
DA:43,0
LF:13
LH:0
end_of_record
SF:lib/data/models/price.dart
DA:7,0
DA:37,0
DA:38,0
DA:39,0
DA:40,0
DA:41,0
DA:42,0
DA:43,0
DA:44,0
DA:45,0
DA:46,0
DA:47,0
DA:48,0
DA:49,0
DA:50,0
DA:51,0
DA:52,0
DA:55,0
LF:18
LH:0
end_of_record
SF:lib/data/models/region.dart
DA:4,0
DA:12,0
DA:13,0
DA:14,0
DA:17,0
LF:5
LH:0
end_of_record
SF:lib/data/models/product_type.dart
DA:4,0
DA:16,0
DA:17,0
DA:18,0
DA:19,0
DA:20,0
DA:21,0
DA:22,0
DA:24,0
LF:9
LH:0
end_of_record
SF:lib/data/models/profile.dart
DA:5,0
DA:23,0
DA:24,0
DA:25,0
DA:26,0
DA:27,0
DA:28,0
DA:29,0
DA:30,0
DA:31,0
DA:32,0
DA:33,0
DA:34,0
DA:36,0
LF:14
LH:0
end_of_record
SF:lib/data/models/tag.dart
DA:4,0
DA:16,0
DA:17,0
DA:18,0
DA:19,0
DA:20,0
DA:21,0
DA:22,0
DA:24,0
LF:9
LH:0
end_of_record
SF:lib/data/models/tax_rate.dart
DA:4,0
DA:14,0
DA:15,0
DA:16,0
DA:17,0
DA:19,0
LF:6
LH:0
end_of_record
SF:lib/data/models/user.g.dart
DA:13,0
DA:15,0
DA:16,0
DA:17,0
DA:19,0
DA:20,0
DA:21,0
DA:22,0
DA:23,0
DA:24,0
DA:25,0
DA:26,0
DA:30,0
DA:33,0
DA:34,0
DA:35,0
DA:36,0
DA:37,0
DA:38,0
DA:39,0
DA:40,0
DA:41,0
DA:42,0
DA:43,0
DA:44,0
DA:45,0
DA:46,0
DA:47,0
DA:50,0
DA:51,0
DA:53,0
DA:56,0
DA:57,0
DA:58,0
LF:34
LH:0
end_of_record
SF:lib/data/models/user.dart
DA:20,0
DA:29,0
DA:30,0
DA:31,0
DA:32,0
DA:33,0
DA:34,0
DA:35,0
DA:36,0
DA:39,0
DA:40,0
DA:41,0
DA:42,0
DA:43,0
DA:44,0
DA:46,0
LF:16
LH:0
end_of_record
SF:lib/data/repository/app_repository.dart
DA:8,0
DA:9,0
DA:12,0
DA:13,0
DA:16,0
DA:17,0
DA:20,0
DA:21,0
DA:24,0
DA:25,0
DA:28,0
DA:29,0
DA:32,0
DA:33,0
DA:36,0
LF:15
LH:0
end_of_record
SF:lib/data/repository/repository.dart
DA:10,0
DA:12,0
DA:13,0
DA:16,0
DA:17,0
DA:19,0
DA:22,0
DA:23,0
DA:25,0
DA:28,0
DA:30,0
DA:32,0
LF:12
LH:0
end_of_record
SF:lib/services/data/box_source_service.dart
DA:9,0
DA:11,0
DA:14,0
DA:16,0
DA:19,0
DA:21,0
DA:24,0
DA:26,0
DA:27,0
DA:29,0
DA:34,0
DA:36,0
DA:39,0
DA:41,0
DA:44,0
DA:46,0
DA:47,0
DA:48,0
DA:52,0
LF:19
LH:0
end_of_record
SF:lib/data/repository/product_repository.dart
DA:5,0
DA:7,0
DA:9,0
DA:10,0
LF:4
LH:0
end_of_record
SF:lib/env/assets.dart
DA:2,0
LF:1
LH:0
end_of_record
SF:lib/env/env.dart
DA:11,9
DA:59,9
DA:63,9
LF:3
LH:3
end_of_record
SF:lib/env/env.g.dart
DA:32,9
DA:33,9
DA:34,15
DA:35,3
DA:225,9
DA:226,9
DA:227,15
DA:228,3
DA:288,9
DA:289,9
DA:290,15
DA:291,3
LF:12
LH:12
end_of_record
SF:lib/extensions/list.dart
DA:1,2
DA:2,4
DA:3,2
DA:4,0
DA:6,0
DA:7,0
DA:8,0
DA:10,0
DA:11,0
DA:12,0
DA:15,0
DA:19,4
LF:12
LH:4
end_of_record
SF:lib/services/app_service.dart
DA:12,3
DA:13,3
DA:14,3
DA:15,6
DA:17,3
DA:18,6
LF:6
LH:6
end_of_record
SF:lib/services/orientation_service.dart
DA:5,3
DA:6,6
LF:2
LH:2
end_of_record
SF:lib/services/sentry_service.dart
DA:6,3
DA:7,3
DA:8,3
DA:9,6
LF:4
LH:4
end_of_record
SF:lib/services/box_service.dart
DA:6,0
DA:10,0
DA:12,0
DA:13,0
DA:16,0
DA:17,0
DA:20,0
DA:21,0
DA:22,0
DA:26,0
DA:27,0
DA:28,0
DA:29,0
LF:13
LH:0
end_of_record
SF:lib/services/constants/preferences.dart
DA:2,0
LF:1
LH:0
end_of_record
SF:lib/services/http_service.dart
DA:10,9
DA:12,3
DA:13,6
DA:16,3
DA:17,3
DA:27,0
DA:28,0
DA:32,0
DA:33,0
DA:34,0
DA:37,3
DA:38,3
DA:39,3
DA:43,3
DA:45,3
DA:48,3
DA:49,3
DA:51,9
DA:52,9
DA:56,6
DA:57,3
DA:58,0
DA:60,0
DA:63,0
DA:66,0
DA:67,0
DA:68,0
DA:69,0
DA:70,0
DA:73,0
DA:75,0
DA:77,0
DA:80,0
DA:87,0
DA:88,0
DA:91,0
DA:92,0
DA:96,0
DA:98,0
DA:99,0
DA:100,0
DA:101,0
DA:102,0
DA:103,0
DA:106,0
DA:115,0
DA:116,0
DA:117,0
DA:118,0
DA:120,0
DA:121,0
DA:122,0
DA:127,2
DA:135,4
DA:143,0
DA:149,0
DA:159,0
DA:169,0
DA:175,0
DA:185,0
DA:195,0
DA:201,0
DA:211,0
DA:221,0
DA:227,0
DA:237,0
DA:245,0
LF:67
LH:18
end_of_record
SF:lib/services/network/api/base_api_service.dart
DA:6,4
LF:1
LH:1
end_of_record
SF:lib/ui/routes/routes.dart
DA:7,0
DA:14,3
DA:15,0
DA:16,0
DA:17,0
LF:5
LH:1
end_of_record
SF:lib/ui/screens/home/home.dart
DA:15,2
DA:16,2
DA:20,2
DA:22,2
DA:23,2
DA:24,8
DA:26,2
DA:27,2
DA:28,2
DA:29,2
DA:30,2
DA:36,2
DA:37,2
DA:38,6
DA:39,2
DA:43,2
DA:44,2
DA:45,2
DA:46,2
DA:47,2
DA:51,2
DA:52,2
DA:53,2
DA:54,2
DA:55,2
DA:56,0
DA:57,0
DA:59,2
DA:60,2
DA:67,2
DA:68,2
DA:69,0
DA:70,0
DA:71,0
DA:72,0
DA:81,2
DA:82,2
DA:83,0
DA:84,0
DA:92,2
DA:93,2
DA:94,2
DA:95,2
DA:96,2
DA:101,2
DA:102,2
DA:103,2
DA:104,2
DA:105,2
DA:107,4
DA:112,2
DA:113,4
DA:114,0
DA:115,0
DA:116,0
DA:119,0
DA:120,0
DA:123,2
DA:124,2
DA:125,4
DA:130,0
DA:131,0
DA:134,0
DA:135,0
DA:139,0
DA:141,0
DA:142,0
DA:150,2
DA:155,0
DA:156,0
DA:157,0
DA:158,0
DA:160,0
DA:161,0
DA:168,0
DA:169,0
DA:171,0
DA:172,0
DA:173,0
DA:174,0
DA:176,0
DA:178,0
DA:181,0
DA:187,0
DA:189,0
DA:190,0
DA:204,0
DA:205,0
DA:207,0
DA:208,0
LF:90
LH:48
end_of_record
SF:lib/ui/screens/login/login.dart
DA:21,1
DA:22,1
DA:34,1
DA:36,1
DA:37,2
DA:40,1
DA:42,1
DA:43,1
DA:44,3
DA:46,1
DA:47,1
DA:48,1
DA:49,1
DA:50,1
DA:58,1
DA:59,1
DA:60,1
DA:61,1
DA:62,3
DA:63,1
DA:64,1
DA:65,1
DA:66,1
DA:68,1
DA:69,1
DA:74,0
DA:80,1
DA:81,1
DA:82,1
DA:89,1
DA:90,1
DA:92,1
DA:95,1
DA:98,1
DA:99,1
DA:100,1
DA:101,1
DA:107,1
DA:108,1
DA:109,2
DA:113,2
DA:114,1
DA:116,0
DA:117,0
DA:119,0
DA:120,0
DA:122,2
DA:126,1
DA:127,1
DA:128,2
DA:133,2
DA:134,1
DA:135,1
DA:136,2
DA:137,0
DA:138,0
DA:143,1
DA:144,1
DA:146,1
DA:147,1
DA:151,1
DA:152,2
DA:153,1
DA:154,1
DA:155,1
DA:156,1
DA:158,0
DA:163,1
DA:164,1
DA:165,1
DA:166,2
DA:168,1
DA:169,1
DA:170,0
DA:171,0
DA:172,0
DA:173,0
DA:174,0
DA:175,0
DA:177,0
DA:178,0
DA:182,0
DA:183,0
DA:189,0
DA:190,0
DA:191,0
DA:194,0
DA:195,0
DA:196,0
DA:199,0
DA:203,0
DA:205,0
DA:206,0
DA:207,0
DA:208,0
DA:210,0
DA:211,0
DA:220,1
DA:223,2
DA:224,2
DA:225,2
DA:226,1
LF:102
LH:70
end_of_record
SF:lib/ui/screens/splash/splash.dart
DA:11,0
DA:12,0
DA:16,0
DA:18,0
DA:19,0
DA:22,0
DA:29,0
DA:30,0
DA:33,0
DA:34,0
DA:35,0
DA:38,0
DA:39,0
LF:13
LH:0
end_of_record
SF:lib/ui/widgets/progress_indicator_widget.dart
DA:4,11
DA:8,1
DA:10,1
DA:11,1
DA:16,1
DA:18,1
DA:21,1
DA:22,1
DA:23,1
LF:9
LH:9
end_of_record
SF:lib/ui/widgets/app_icon_widget.dart
DA:7,21
DA:12,2
DA:15,4
DA:17,6
DA:19,4
DA:20,8
DA:23,0
DA:24,0
DA:27,2
DA:28,2
LF:10
LH:8
end_of_record
SF:lib/ui/widgets/empty_app_bar_widget.dart
DA:4,2
DA:6,2
DA:9,1
LF:3
LH:3
end_of_record
SF:lib/ui/widgets/rounded_button_widget.dart
DA:13,2
DA:24,2
DA:26,2
DA:27,2
DA:28,1
DA:30,1
DA:33,1
DA:35,1
DA:38,2
DA:39,2
DA:47,2
DA:48,2
DA:49,2
DA:50,1
DA:51,1
DA:52,1
DA:53,2
DA:54,1
DA:55,1
DA:56,1
DA:57,2
LF:21
LH:21
end_of_record
SF:lib/utils/device/device_utils.dart
DA:10,0
DA:11,0
DA:18,0
DA:19,0
DA:20,0
DA:21,0
DA:22,0
DA:28,0
DA:29,0
DA:35,0
DA:36,0
LF:11
LH:0
end_of_record
SF:lib/ui/screens/my_app.dart
DA:17,1
DA:19,1
DA:20,1
DA:21,3
DA:22,1
DA:23,3
DA:24,3
DA:25,1
DA:27,1
DA:28,1
DA:29,1
DA:31,1
DA:32,2
DA:33,0
DA:34,1
DA:35,1
DA:36,3
DA:44,1
LF:18
LH:17
end_of_record
SF:lib/business/bloc/app/app_bloc.dart
DA:8,3
DA:9,2
DA:10,2
DA:11,2
DA:12,2
DA:18,0
DA:19,0
DA:20,0
DA:23,0
DA:24,0
DA:25,0
DA:28,0
DA:29,0
DA:30,0
DA:33,0
DA:34,0
DA:35,0
LF:17
LH:5
end_of_record
SF:lib/env/app_theme.dart
DA:8,3
DA:9,0
DA:11,2
DA:12,2
DA:13,0
DA:15,1
DA:16,1
DA:18,1
DA:22,1
DA:23,1
DA:25,2
DA:27,2
DA:28,1
DA:29,1
DA:32,1
DA:34,1
DA:35,1
DA:38,3
DA:81,3
DA:82,1
DA:83,1
DA:84,1
DA:85,1
DA:86,1
DA:87,1
DA:88,1
DA:89,1
DA:90,1
DA:91,1
LF:29
LH:27
end_of_record
SF:lib/services/network/api/customer_api_service.dart
DA:6,0
DA:8,0
DA:10,0
DA:11,0
DA:14,0
DA:20,0
DA:21,0
DA:27,0
DA:30,0
DA:31,0
DA:32,0
DA:35,0
DA:42,0
DA:43,0
DA:49,0
DA:53,0
DA:70,0
DA:71,0
DA:87,0
DA:90,0
DA:91,0
DA:92,0
DA:95,0
DA:96,0
DA:97,0
DA:100,0
DA:101,0
DA:102,0
DA:106,0
DA:109,0
DA:110,0
DA:111,0
LF:32
LH:0
end_of_record
